0 info it worked if it ends with ok
1 verbose cli [ '/usr/local/bin/node', '/usr/local/bin/npm', 'run', 'hub' ]
2 info using npm@3.10.10
3 info using node@v6.10.3
4 verbose run-script [ 'prehub', 'hub', 'posthub' ]
5 info lifecycle autotester@0.1.3~prehub: autotester@0.1.3
6 silly lifecycle autotester@0.1.3~prehub: no script for prehub, continuing
7 info lifecycle autotester@0.1.3~hub: autotester@0.1.3
8 verbose lifecycle autotester@0.1.3~hub: unsafe-perm in lifecycle true
9 verbose lifecycle autotester@0.1.3~hub: PATH: /usr/local/lib/node_modules/npm/bin/node-gyp-bin:/Users/vedvasavada/Desktop/Desktop/raw_autotester/node_modules/.bin:/Users/vedvasavada/bin:/usr/local/bin:/usr/bin:/bin:/usr/sbin:/sbin:/usr/local/git/bin:/usr/local/:/usr/local/sbin:/usr/local/bin/
10 verbose lifecycle autotester@0.1.3~hub: CWD: /Users/vedvasavada/Desktop/Desktop/raw_autotester
11 silly lifecycle autotester@0.1.3~hub: Args: [ '-c', 'selenium-standalone start' ]
12 silly lifecycle autotester@0.1.3~hub: Returned: code: 1  signal: null
13 info lifecycle autotester@0.1.3~hub: Failed to exec hub script
14 verbose stack Error: autotester@0.1.3 hub: `selenium-standalone start`
14 verbose stack Exit status 1
14 verbose stack     at EventEmitter.<anonymous> (/usr/local/lib/node_modules/npm/lib/utils/lifecycle.js:255:16)
14 verbose stack     at emitTwo (events.js:106:13)
14 verbose stack     at EventEmitter.emit (events.js:191:7)
14 verbose stack     at ChildProcess.<anonymous> (/usr/local/lib/node_modules/npm/lib/utils/spawn.js:40:14)
14 verbose stack     at emitTwo (events.js:106:13)
14 verbose stack     at ChildProcess.emit (events.js:191:7)
14 verbose stack     at maybeClose (internal/child_process.js:886:16)
14 verbose stack     at Process.ChildProcess._handle.onexit (internal/child_process.js:226:5)
15 verbose pkgid autotester@0.1.3
16 verbose cwd /Users/vedvasavada/Desktop/Desktop/raw_autotester
17 error Darwin 16.6.0
18 error argv "/usr/local/bin/node" "/usr/local/bin/npm" "run" "hub"
19 error node v6.10.3
20 error npm  v3.10.10
21 error code ELIFECYCLE
22 error autotester@0.1.3 hub: `selenium-standalone start`
22 error Exit status 1
23 error Failed at the autotester@0.1.3 hub script 'selenium-standalone start'.
23 error Make sure you have the latest version of node.js and npm installed.
23 error If you do, this is most likely a problem with the autotester package,
23 error not with npm itself.
23 error Tell the author that this fails on your system:
23 error     selenium-standalone start
23 error You can get information on how to open an issue for this project with:
23 error     npm bugs autotester
23 error Or if that isn't available, you can get their info via:
23 error     npm owner ls autotester
23 error There is likely additional logging output above.
24 verbose exit [ 1, true ]
